<?xml version="1.0" encoding="UTF-8"?>
<!-- Generated by org.testng.reporters.JUnitReportReporter -->
<testsuite hostname="DESKTOP-T49I1C9" failures="0" tests="1" name="cucumberOptions.TestRunner" time="24.087" errors="0" timestamp="15 Apr 2021 10:27:20 GMT" skipped="0">
  <testcase classname="cucumberOptions.TestRunner" name="feature" time="24.087"/>
</testsuite> <!-- cucumberOptions.TestRunner -->
