<?xml version="1.0" encoding="UTF-8"?>
<!-- Generated by org.testng.reporters.JUnitReportReporter -->
<testsuite hostname="DESKTOP-T49I1C9" failures="0" tests="1" name="E2E.E2EFrameWork.TextChecker" time="0.105" errors="0" timestamp="08 Apr 2021 07:18:05 GMT" skipped="0">
  <testcase classname="E2E.E2EFrameWork.TextChecker" name="Text" time="0.105"/>
</testsuite> <!-- E2E.E2EFrameWork.TextChecker -->
