<?xml version="1.0" encoding="UTF-8"?>
<!-- Generated by org.testng.reporters.JUnitReportReporter -->
<testsuite hostname="DESKTOP-T49I1C9" failures="0" tests="2" name="E2E.E2EFrameWork.Login" time="33.739" errors="0" timestamp="08 Mar 2021 07:10:09 GMT" skipped="0">
  <testcase classname="E2E.E2EFrameWork.Login" name="LoginPage" time="7.864"/>
  <testcase classname="E2E.E2EFrameWork.Login" name="LoginPage" time="25.875"/>
</testsuite> <!-- E2E.E2EFrameWork.Login -->
