<?xml version="1.0" encoding="UTF-8"?>
<!-- Generated by org.testng.reporters.JUnitReportReporter -->
<testsuite skipped="0" hostname="DESKTOP-T49I1C9" name="cucumberOptions.TestRunner" tests="1" failures="0" timestamp="15 Apr 2021 10:37:56 GMT" time="31.250" errors="0">
  <testcase name="feature" time="31.250" classname="cucumberOptions.TestRunner"/>
</testsuite> <!-- cucumberOptions.TestRunner -->
